; SLIME 2011-03-13
user> (in-ns 'bitvector.core)
#<Namespace bitvector.core>
bitvector.core> (doc mutation-probability)
-------------------------
bitvector.core/mutation-probability
nil
  probability of mutation during cloning
nil
bitvector.core> (source mutation-probability)

nil
bitvector.core> 
nil
bitvector.core> (use 'clojure.repl)
nil
bitvector.core> (source mutation-probability)
Source not found
nil
bitvector.core> (time (solve :fname "/home/github/bitvector/data/bitvectors-genes.data.small"
               :sample-solution "/home/github/bitvector/data/bitvectors-parents.data.small.txt"))
"Elapsed time: 603.539148 msecs"
"Elapsed time: 44.139835 msecs"
{:n-tried-edges 0, :n-disjoint-trees 0, :number-of-hashes 10, :total-distance 0, :genealogy-size 0}
{:n-tried-edges 500, :n-disjoint-trees 30, :number-of-hashes 10, :total-distance 52458, :genealogy-size 398}
{:n-tried-edges 1000, :n-disjoint-trees 4, :number-of-hashes 10, :total-distance 66448, :genealogy-size 481}
{:n-tried-edges 1500, :n-disjoint-trees 1, :number-of-hashes 10, :total-distance 64986, :genealogy-size 497}
{:n-tried-edges 2000, :n-disjoint-trees 1, :number-of-hashes 10, :total-distance 64002, :genealogy-size 499}
{:n-tried-edges 2500, :n-disjoint-trees 1, :number-of-hashes 10, :total-distance 63237, :genealogy-size 500}
{:n-tried-edges 3000, :n-disjoint-trees 1, :number-of-hashes 10, :total-distance 61568, :genealogy-size 500}
{:n-tried-edges 3500, :n-disjoint-trees 1, :number-of-hashes 10, :total-distance 60890, :genealogy-size 500}
{:n-tried-edges 4000, :n-disjoint-trees 1, :number-of-hashes 10, :total-distance 60170, :genealogy-size 500}
{:n-tried-edges 4500, :n-disjoint-trees 1, :number-of-hashes 10, :total-distance 59371, :genealogy-size 500}
{:n-tried-edges 5000, :n-disjoint-trees 1, :number-of-hashes 10, :total-distance 58529, :genealogy-size 500}
{:n-tried-edges 5500, :n-disjoint-trees 1, :number-of-hashes 10, :total-distance 57173, :genealogy-size 500}
{:n-tried-edges 6000, :n-disjoint-trees 1, :number-of-hashes 10, :total-distance 56624, :genealogy-size 500}
{:n-tried-edges 6500, :n-disjoint-trees 1, :number-of-hashes 10, :total-distance 55846, :genealogy-size 500}
{:n-tried-edges 7000, :n-disjoint-trees 1, :number-of-hashes 10, :total-distance 54905, :genealogy-size 500}
{:n-tried-edges 7500, :n-disjoint-trees 1, :number-of-hashes 10, :total-distance 54694, :genealogy-size 500}
{:n-tried-edges 8000, :n-disjoint-trees 1, :number-of-hashes 10, :total-distance 54677, :genealogy-size 500}
{:n-tried-edges 8500, :n-disjoint-trees 1, :number-of-hashes 10, :total-distance 54662, :genealogy-size 500}
{:n-tried-edges 9000, :n-disjoint-trees 1, :number-of-hashes 10, :total-distance 54599, :genealogy-size 500}
{:n-tried-edges 9500, :n-disjoint-trees 1, :number-of-hashes 10, :total-distance 54583, :genealogy-size 500}
{:n-tried-edges 10000, :n-disjoint-trees 1, :number-of-hashes 10, :total-distance 54583, :genealogy-size 500}
{:n-tried-edges 10500, :n-disjoint-trees 1, :number-of-hashes 10, :total-distance 54466, :genealogy-size 500}
{:n-tried-edges 11000, :n-disjoint-trees 1, :number-of-hashes 10, :total-distance 54392, :genealogy-size 500}
{:n-tried-edges 11500, :n-disjoint-trees 1, :number-of-hashes 10, :total-distance 54336, :genealogy-size 500}
{:n-tried-edges 12000, :n-disjoint-trees 1, :number-of-hashes 10, :total-distance 54306, :genealogy-size 500}
{:n-tried-edges 12500, :n-disjoint-trees 1, :number-of-hashes 10, :total-distance 54174, :genealogy-size 500}
{:n-tried-edges 13000, :n-disjoint-trees 1, :number-of-hashes 10, :total-distance 54116, :genealogy-size 500}
{:n-tried-edges 13500, :n-disjoint-trees 1, :number-of-hashes 10, :total-distance 54084, :genealogy-size 500}
{:n-tried-edges 14000, :n-disjoint-trees 1, :number-of-hashes 10, :total-distance 53996, :genealogy-size 500}
{:n-tried-edges 14500, :n-disjoint-trees 1, :number-of-hashes 10, :total-distance 53877, :genealogy-size 500}
{:n-tried-edges 15000, :n-disjoint-trees 1, :number-of-hashes 10, :total-distance 53523, :genealogy-size 500}
{:n-tried-edges 15500, :n-disjoint-trees 1, :number-of-hashes 10, :total-distance 53348, :genealogy-size 500}
{:n-tried-edges 16000, :n-disjoint-trees 1, :number-of-hashes 10, :total-distance 53278, :genealogy-size 500}
{:n-tried-edges 16500, :n-disjoint-trees 1, :number-of-hashes 10, :total-distance 53278, :genealogy-size 500}
{:n-tried-edges 17000, :n-disjoint-trees 1, :number-of-hashes 10, :total-distance 53275, :genealogy-size 500}
{:n-tried-edges 17500, :n-disjoint-trees 1, :number-of-hashes 10, :total-distance 53179, :genealogy-size 500}
{:n-tried-edges 18000, :n-disjoint-trees 1, :number-of-hashes 10, :total-distance 53159, :genealogy-size 500}
{:n-tried-edges 18500, :n-disjoint-trees 1, :number-of-hashes 10, :total-distance 53133, :genealogy-size 500}
{:n-tried-edges 19000, :n-disjoint-trees 1, :number-of-hashes 10, :total-distance 53133, :genealogy-size 500}
{:n-tried-edges 19500, :n-disjoint-trees 1, :number-of-hashes 10, :total-distance 53037, :genealogy-size 500}
{:n-tried-edges 20000, :n-disjoint-trees 1, :number-of-hashes 10, :total-distance 53029, :genealogy-size 500}
{:n-tried-edges 20500, :n-disjoint-trees 1, :number-of-hashes 10, :total-distance 52970, :genealogy-size 500}
{:n-tried-edges 21000, :n-disjoint-trees 1, :number-of-hashes 10, :total-distance 52830, :genealogy-size 500}
{:n-tried-edges 21500, :n-disjoint-trees 1, :number-of-hashes 10, :total-distance 52704, :genealogy-size 500}
{:n-tried-edges 22000, :n-disjoint-trees 1, :number-of-hashes 10, :total-distance 52645, :genealogy-size 500}
{:n-tried-edges 22500, :n-disjoint-trees 1, :number-of-hashes 10, :total-distance 52545, :genealogy-size 500}
{:n-tried-edges 23000, :n-disjoint-trees 1, :number-of-hashes 10, :total-distance 52545, :genealogy-size 500}
{:n-tried-edges 23500, :n-disjoint-trees 1, :number-of-hashes 10, :total-distance 52396, :genealogy-size 500}
{:n-tried-edges 24000, :n-disjoint-trees 1, :number-of-hashes 10, :total-distance 52355, :genealogy-size 500}
{:n-tried-edges 24500, :n-disjoint-trees 1, :number-of-hashes 10, :total-distance 52347, :genealogy-size 500}
{:n-tried-edges 25000, :n-disjoint-trees 1, :number-of-hashes 10, :total-distance 52192, :genealogy-size 500}
{:n-tried-edges 25500, :n-disjoint-trees 1, :number-of-hashes 10, :total-distance 52192, :genealogy-size 500}
{:n-tried-edges 26000, :n-disjoint-trees 1, :number-of-hashes 10, :total-distance 52141, :genealogy-size 500}
{:n-tried-edges 26500, :n-disjoint-trees 1, :number-of-hashes 10, :total-distance 52141, :genealogy-size 500}
{:n-tried-edges 27000, :n-disjoint-trees 1, :number-of-hashes 10, :total-distance 51964, :genealogy-size 500}
{:n-tried-edges 27500, :n-disjoint-trees 1, :number-of-hashes 10, :total-distance 51916, :genealogy-size 500}
{:n-tried-edges 28000, :n-disjoint-trees 1, :number-of-hashes 10, :total-distance 51883, :genealogy-size 500}
{:n-tried-edges 28500, :n-disjoint-trees 1, :number-of-hashes 10, :total-distance 51820, :genealogy-size 500}
{:n-tried-edges 29000, :n-disjoint-trees 1, :number-of-hashes 10, :total-distance 51820, :genealogy-size 500}
{:n-tried-edges 29500, :n-disjoint-trees 1, :number-of-hashes 10, :total-distance 51637, :genealogy-size 500}
{:n-tried-edges 30000, :n-disjoint-trees 1, :number-of-hashes 10, :total-distance 51491, :genealogy-size 500}
{:n-tried-edges 30500, :n-disjoint-trees 1, :number-of-hashes 10, :total-distance 51437, :genealogy-size 500}
{:n-tried-edges 31000, :n-disjoint-trees 1, :number-of-hashes 10, :total-distance 51329, :genealogy-size 500}
{:n-tried-edges 31500, :n-disjoint-trees 1, :number-of-hashes 10, :total-distance 51329, :genealogy-size 500}
{:n-tried-edges 32000, :n-disjoint-trees 1, :number-of-hashes 10, :total-distance 51329, :genealogy-size 500}
{:n-tried-edges 32500, :n-disjoint-trees 1, :number-of-hashes 10, :total-distance 51273, :genealogy-size 500}
{:n-tried-edges 33000, :n-disjoint-trees 1, :number-of-hashes 10, :total-distance 51262, :genealogy-size 500}
{:n-tried-edges 33500, :n-disjoint-trees 1, :number-of-hashes 10, :total-distance 51209, :genealogy-size 500}
{:n-tried-edges 34000, :n-disjoint-trees 1, :number-of-hashes 10, :total-distance 51101, :genealogy-size 500}
{:n-tried-edges 34500, :n-disjoint-trees 1, :number-of-hashes 10, :total-distance 51052, :genealogy-size 500}
{:n-tried-edges 35000, :n-disjoint-trees 1, :number-of-hashes 10, :total-distance 51052, :genealogy-size 500}
{:n-tried-edges 35500, :n-disjoint-trees 1, :number-of-hashes 10, :total-distance 50935, :genealogy-size 500}
{:n-tried-edges 36000, :n-disjoint-trees 1, :number-of-hashes 10, :total-distance 50890, :genealogy-size 500}
{:n-tried-edges 36500, :n-disjoint-trees 1, :number-of-hashes 10, :total-distance 50726, :genealogy-size 500}
{:n-tried-edges 37000, :n-disjoint-trees 1, :number-of-hashes 10, :total-distance 50597, :genealogy-size 500}
{:n-tried-edges 37500, :n-disjoint-trees 1, :number-of-hashes 10, :total-distance 50597, :genealogy-size 500}
{:n-tried-edges 38000, :n-disjoint-trees 1, :number-of-hashes 15, :total-distance 50538, :genealogy-size 500}
{:n-tried-edges 38500, :n-disjoint-trees 1, :number-of-hashes 15, :total-distance 50443, :genealogy-size 500}
{:n-tried-edges 39000, :n-disjoint-trees 1, :number-of-hashes 15, :total-distance 50327, :genealogy-size 500}
{:n-tried-edges 39500, :n-disjoint-trees 1, :number-of-hashes 15, :total-distance 50327, :genealogy-size 500}
{:n-tried-edges 40000, :n-disjoint-trees 1, :number-of-hashes 15, :total-distance 50327, :genealogy-size 500}
{:n-tried-edges 40500, :n-disjoint-trees 1, :number-of-hashes 15, :total-distance 50222, :genealogy-size 500}
{:n-tried-edges 41000, :n-disjoint-trees 1, :number-of-hashes 15, :total-distance 50222, :genealogy-size 500}
{:n-tried-edges 41500, :n-disjoint-trees 1, :number-of-hashes 15, :total-distance 50218, :genealogy-size 500}
{:n-tried-edges 42000, :n-disjoint-trees 1, :number-of-hashes 15, :total-distance 50218, :genealogy-size 500}
{:n-tried-edges 42500, :n-disjoint-trees 1, :number-of-hashes 15, :total-distance 50185, :genealogy-size 500}
{:n-tried-edges 43000, :n-disjoint-trees 1, :number-of-hashes 15, :total-distance 50185, :genealogy-size 500}
{:n-tried-edges 43500, :n-disjoint-trees 1, :number-of-hashes 15, :total-distance 50145, :genealogy-size 500}
{:n-tried-edges 44000, :n-disjoint-trees 1, :number-of-hashes 15, :total-distance 50145, :genealogy-size 500}
{:n-tried-edges 44500, :n-disjoint-trees 1, :number-of-hashes 15, :total-distance 50145, :genealogy-size 500}
{:n-tried-edges 45000, :n-disjoint-trees 1, :number-of-hashes 15, :total-distance 50141, :genealogy-size 500}
{:n-tried-edges 45500, :n-disjoint-trees 1, :number-of-hashes 15, :total-distance 50141, :genealogy-size 500}
{:n-tried-edges 46000, :n-disjoint-trees 1, :number-of-hashes 15, :total-distance 50136, :genealogy-size 500}
{:n-tried-edges 46500, :n-disjoint-trees 1, :number-of-hashes 15, :total-distance 50136, :genealogy-size 500}
{:n-tried-edges 47000, :n-disjoint-trees 1, :number-of-hashes 15, :total-distance 50136, :genealogy-size 500}
{:n-tried-edges 47500, :n-disjoint-trees 1, :number-of-hashes 15, :total-distance 50136, :genealogy-size 500}
{:n-tried-edges 48000, :n-disjoint-trees 1, :number-of-hashes 15, :total-distance 50089, :genealogy-size 500}
{:n-tried-edges 48500, :n-disjoint-trees 1, :number-of-hashes 15, :total-distance 50089, :genealogy-size 500}
{:n-tried-edges 49000, :n-disjoint-trees 1, :number-of-hashes 15, :total-distance 50089, :genealogy-size 500}
{:n-tried-edges 49500, :n-disjoint-trees 1, :number-of-hashes 15, :total-distance 50089, :genealogy-size 500}
{:n-tried-edges 50000, :n-disjoint-trees 1, :number-of-hashes 15, :total-distance 50089, :genealogy-size 500}
{:n-tried-edges 50500, :n-disjoint-trees 1, :number-of-hashes 15, :total-distance 50089, :genealogy-size 500}
{:n-tried-edges 51000, :n-disjoint-trees 1, :number-of-hashes 15, :total-distance 50089, :genealogy-size 500}
{:n-tried-edges 51500, :n-disjoint-trees 1, :number-of-hashes 15, :total-distance 50089, :genealogy-size 500}
{:n-tried-edges 52000, :n-disjoint-trees 1, :number-of-hashes 15, :total-distance 50089, :genealogy-size 500}
{:n-tried-edges 52500, :n-disjoint-trees 1, :number-of-hashes 15, :total-distance 50089, :genealogy-size 500}
{:n-tried-edges 53000, :n-disjoint-trees 1, :number-of-hashes 20, :total-distance 50089, :genealogy-size 500}
{:n-tried-edges 53500, :n-disjoint-trees 1, :number-of-hashes 20, :total-distance 50046, :genealogy-size 500}
{:n-tried-edges 54000, :n-disjoint-trees 1, :number-of-hashes 20, :total-distance 49989, :genealogy-size 500}
{:n-tried-edges 54500, :n-disjoint-trees 1, :number-of-hashes 20, :total-distance 49989, :genealogy-size 500}
{:n-tried-edges 55000, :n-disjoint-trees 1, :number-of-hashes 20, :total-distance 49989, :genealogy-size 500}
{:n-tried-edges 55500, :n-disjoint-trees 1, :number-of-hashes 20, :total-distance 49989, :genealogy-size 500}
{:n-tried-edges 56000, :n-disjoint-trees 1, :number-of-hashes 20, :total-distance 49989, :genealogy-size 500}
{:n-tried-edges 56500, :n-disjoint-trees 1, :number-of-hashes 20, :total-distance 49989, :genealogy-size 500}
{:n-tried-edges 57000, :n-disjoint-trees 1, :number-of-hashes 20, :total-distance 49989, :genealogy-size 500}
{:n-tried-edges 57500, :n-disjoint-trees 1, :number-of-hashes 20, :total-distance 49989, :genealogy-size 500}
{:n-tried-edges 58000, :n-disjoint-trees 1, :number-of-hashes 20, :total-distance 49989, :genealogy-size 500}
{:n-tried-edges 58500, :n-disjoint-trees 1, :number-of-hashes 20, :total-distance 49989, :genealogy-size 500}
{:n-tried-edges 59000, :n-disjoint-trees 1, :number-of-hashes 20, :total-distance 49989, :genealogy-size 500}
{:n-tried-edges 59500, :n-disjoint-trees 1, :number-of-hashes 20, :total-distance 49989, :genealogy-size 500}
{:n-tried-edges 60000, :n-disjoint-trees 1, :number-of-hashes 20, :total-distance 49989, :genealogy-size 500}
{:n-tried-edges 60500, :n-disjoint-trees 1, :number-of-hashes 20, :total-distance 49989, :genealogy-size 500}
{:n-tried-edges 61000, :n-disjoint-trees 1, :number-of-hashes 20, :total-distance 49989, :genealogy-size 500}
{:n-tried-edges 61500, :n-disjoint-trees 1, :number-of-hashes 20, :total-distance 49989, :genealogy-size 500}
{:n-tried-edges 62000, :n-disjoint-trees 1, :number-of-hashes 20, :total-distance 49989, :genealogy-size 500}
{:n-tried-edges 62500, :n-disjoint-trees 1, :number-of-hashes 20, :total-distance 49989, :genealogy-size 500}
{:n-tried-edges 63000, :n-disjoint-trees 1, :number-of-hashes 20, :total-distance 49989, :genealogy-size 500}
{:n-tried-edges 63500, :n-disjoint-trees 1, :number-of-hashes 20, :total-distance 49989, :genealogy-size 500}
{:n-tried-edges 64000, :n-disjoint-trees 1, :number-of-hashes 25, :total-distance 49989, :genealogy-size 500}
{:n-tried-edges 64500, :n-disjoint-trees 1, :number-of-hashes 25, :total-distance 49989, :genealogy-size 500}
{:n-tried-edges 65000, :n-disjoint-trees 1, :number-of-hashes 25, :total-distance 49989, :genealogy-size 500}
{:n-tried-edges 65500, :n-disjoint-trees 1, :number-of-hashes 25, :total-distance 49989, :genealogy-size 500}
{:n-tried-edges 66000, :n-disjoint-trees 1, :number-of-hashes 25, :total-distance 49989, :genealogy-size 500}
{:n-tried-edges 66500, :n-disjoint-trees 1, :number-of-hashes 25, :total-distance 49989, :genealogy-size 500}
{:n-tried-edges 67000, :n-disjoint-trees 1, :number-of-hashes 25, :total-distance 49989, :genealogy-size 500}
{:n-tried-edges 67500, :n-disjoint-trees 1, :number-of-hashes 25, :total-distance 49989, :genealogy-size 500}
{:n-tried-edges 68000, :n-disjoint-trees 1, :number-of-hashes 25, :total-distance 49989, :genealogy-size 500}
{:n-tried-edges 68500, :n-disjoint-trees 1, :number-of-hashes 25, :total-distance 49989, :genealogy-size 500}
{:n-tried-edges 69000, :n-disjoint-trees 1, :number-of-hashes 25, :total-distance 49989, :genealogy-size 500}
{:n-tried-edges 69500, :n-disjoint-trees 1, :number-of-hashes 25, :total-distance 49989, :genealogy-size 500}
{:n-tried-edges 70000, :n-disjoint-trees 1, :number-of-hashes 25, :total-distance 49989, :genealogy-size 500}
{:n-tried-edges 70500, :n-disjoint-trees 1, :number-of-hashes 25, :total-distance 49989, :genealogy-size 500}
{:n-tried-edges 71000, :n-disjoint-trees 1, :number-of-hashes 25, :total-distance 49989, :genealogy-size 500}
{:n-tried-edges 71500, :n-disjoint-trees 1, :number-of-hashes 25, :total-distance 49989, :genealogy-size 500}
{:n-tried-edges 72000, :n-disjoint-trees 1, :number-of-hashes 25, :total-distance 49989, :genealogy-size 500}
{:n-tried-edges 72500, :n-disjoint-trees 1, :number-of-hashes 25, :total-distance 49989, :genealogy-size 500}
{:n-tried-edges 73000, :n-disjoint-trees 1, :number-of-hashes 25, :total-distance 49989, :genealogy-size 500}
{:n-tried-edges 73500, :n-disjoint-trees 1, :number-of-hashes 25, :total-distance 49989, :genealogy-size 500}
{:n-tried-edges 74000, :n-disjoint-trees 1, :number-of-hashes 25, :total-distance 49989, :genealogy-size 500}
"Elapsed time: 46444.970905 msecs"
nil
bitvector.core> (time (solve :fname "/home/github/bitvector/data/bitvectors-genes.data.large"))
"Elapsed time: 44373.095157 msecs"
{:n-tried-edges 0, :n-disjoint-trees 0, :number-of-hashes 20, :total-distance 0, :genealogy-size 0}
{:n-tried-edges 10000, :n-disjoint-trees 320, :number-of-hashes 20, :total-distance 25676532, :genealogy-size 8601}
{:n-tried-edges 20000, :n-disjoint-trees 13, :number-of-hashes 20, :total-distance 28242506, :genealogy-size 9817}
{:n-tried-edges 30000, :n-disjoint-trees 3, :number-of-hashes 20, :total-distance 28844171, :genealogy-size 9971}
{:n-tried-edges 40000, :n-disjoint-trees 1, :number-of-hashes 20, :total-distance 28808050, :genealogy-size 9998}
{:n-tried-edges 50000, :n-disjoint-trees 1, :number-of-hashes 20, :total-distance 28644690, :genealogy-size 10000}
{:n-tried-edges 60000, :n-disjoint-trees 1, :number-of-hashes 20, :total-distance 28525614, :genealogy-size 10000}
{:n-tried-edges 70000, :n-disjoint-trees 1, :number-of-hashes 20, :total-distance 28345897, :genealogy-size 10000}
{:n-tried-edges 80000, :n-disjoint-trees 1, :number-of-hashes 20, :total-distance 28228650, :genealogy-size 10000}
{:n-tried-edges 90000, :n-disjoint-trees 1, :number-of-hashes 20, :total-distance 28118690, :genealogy-size 10000}
{:n-tried-edges 100000, :n-disjoint-trees 1, :number-of-hashes 20, :total-distance 28003650, :genealogy-size 10000}
{:n-tried-edges 110000, :n-disjoint-trees 1, :number-of-hashes 20, :total-distance 27904125, :genealogy-size 10000}
{:n-tried-edges 120000, :n-disjoint-trees 1, :number-of-hashes 20, :total-distance 27787485, :genealogy-size 10000}
{:n-tried-edges 130000, :n-disjoint-trees 1, :number-of-hashes 20, :total-distance 27686072, :genealogy-size 10000}
{:n-tried-edges 140000, :n-disjoint-trees 1, :number-of-hashes 20, :total-distance 27560519, :genealogy-size 10000}
{:n-tried-edges 150000, :n-disjoint-trees 1, :number-of-hashes 20, :total-distance 27445265, :genealogy-size 10000}
{:n-tried-edges 160000, :n-disjoint-trees 1, :number-of-hashes 20, :total-distance 27337694, :genealogy-size 10000}
{:n-tried-edges 170000, :n-disjoint-trees 1, :number-of-hashes 20, :total-distance 27228080, :genealogy-size 10000}
{:n-tried-edges 180000, :n-disjoint-trees 1, :number-of-hashes 20, :total-distance 27147872, :genealogy-size 10000}
{:n-tried-edges 190000, :n-disjoint-trees 1, :number-of-hashes 20, :total-distance 27030275, :genealogy-size 10000}
{:n-tried-edges 200000, :n-disjoint-trees 1, :number-of-hashes 20, :total-distance 26936396, :genealogy-size 10000}
{:n-tried-edges 210000, :n-disjoint-trees 1, :number-of-hashes 20, :total-distance 26840098, :genealogy-size 10000}
{:n-tried-edges 220000, :n-disjoint-trees 1, :number-of-hashes 20, :total-distance 26743956, :genealogy-size 10000}
{:n-tried-edges 230000, :n-disjoint-trees 1, :number-of-hashes 20, :total-distance 26636025, :genealogy-size 10000}
{:n-tried-edges 240000, :n-disjoint-trees 1, :number-of-hashes 20, :total-distance 26546293, :genealogy-size 10000}
{:n-tried-edges 250000, :n-disjoint-trees 1, :number-of-hashes 20, :total-distance 26461570, :genealogy-size 10000}
{:n-tried-edges 260000, :n-disjoint-trees 1, :number-of-hashes 20, :total-distance 26390346, :genealogy-size 10000}
{:n-tried-edges 270000, :n-disjoint-trees 1, :number-of-hashes 20, :total-distance 26297928, :genealogy-size 10000}
{:n-tried-edges 280000, :n-disjoint-trees 1, :number-of-hashes 20, :total-distance 26214129, :genealogy-size 10000}
{:n-tried-edges 290000, :n-disjoint-trees 1, :number-of-hashes 20, :total-distance 26148110, :genealogy-size 10000}
{:n-tried-edges 300000, :n-disjoint-trees 1, :number-of-hashes 20, :total-distance 26065634, :genealogy-size 10000}
{:n-tried-edges 310000, :n-disjoint-trees 1, :number-of-hashes 20, :total-distance 25985847, :genealogy-size 10000}
{:n-tried-edges 320000, :n-disjoint-trees 1, :number-of-hashes 20, :total-distance 25921081, :genealogy-size 10000}
{:n-tried-edges 330000, :n-disjoint-trees 1, :number-of-hashes 20, :total-distance 25849111, :genealogy-size 10000}
{:n-tried-edges 340000, :n-disjoint-trees 1, :number-of-hashes 20, :total-distance 25762902, :genealogy-size 10000}
{:n-tried-edges 350000, :n-disjoint-trees 1, :number-of-hashes 20, :total-distance 25683462, :genealogy-size 10000}
{:n-tried-edges 360000, :n-disjoint-trees 1, :number-of-hashes 20, :total-distance 25603554, :genealogy-size 10000}
{:n-tried-edges 370000, :n-disjoint-trees 1, :number-of-hashes 20, :total-distance 25534909, :genealogy-size 10000}
{:n-tried-edges 380000, :n-disjoint-trees 1, :number-of-hashes 20, :total-distance 25457996, :genealogy-size 10000}
{:n-tried-edges 390000, :n-disjoint-trees 1, :number-of-hashes 20, :total-distance 25385133, :genealogy-size 10000}
{:n-tried-edges 400000, :n-disjoint-trees 1, :number-of-hashes 20, :total-distance 25316825, :genealogy-size 10000}
{:n-tried-edges 410000, :n-disjoint-trees 1, :number-of-hashes 20, :total-distance 25248113, :genealogy-size 10000}
{:n-tried-edges 420000, :n-disjoint-trees 1, :number-of-hashes 20, :total-distance 25193264, :genealogy-size 10000}
{:n-tried-edges 430000, :n-disjoint-trees 1, :number-of-hashes 20, :total-distance 25132782, :genealogy-size 10000}
{:n-tried-edges 440000, :n-disjoint-trees 1, :number-of-hashes 20, :total-distance 25046042, :genealogy-size 10000}
{:n-tried-edges 450000, :n-disjoint-trees 1, :number-of-hashes 20, :total-distance 24976287, :genealogy-size 10000}
{:n-tried-edges 460000, :n-disjoint-trees 1, :number-of-hashes 20, :total-distance 24910056, :genealogy-size 10000}
{:n-tried-edges 470000, :n-disjoint-trees 1, :number-of-hashes 20, :total-distance 24854686, :genealogy-size 10000}
{:n-tried-edges 480000, :n-disjoint-trees 1, :number-of-hashes 20, :total-distance 24748000, :genealogy-size 10000}
{:n-tried-edges 490000, :n-disjoint-trees 1, :number-of-hashes 20, :total-distance 24655827, :genealogy-size 10000}
{:n-tried-edges 500000, :n-disjoint-trees 1, :number-of-hashes 20, :total-distance 24583604, :genealogy-size 10000}
{:n-tried-edges 510000, :n-disjoint-trees 1, :number-of-hashes 20, :total-distance 24519081, :genealogy-size 10000}
{:n-tried-edges 520000, :n-disjoint-trees 1, :number-of-hashes 20, :total-distance 24467185, :genealogy-size 10000}
{:n-tried-edges 530000, :n-disjoint-trees 1, :number-of-hashes 20, :total-distance 24410989, :genealogy-size 10000}
{:n-tried-edges 540000, :n-disjoint-trees 1, :number-of-hashes 20, :total-distance 24349875, :genealogy-size 10000}
{:n-tried-edges 550000, :n-disjoint-trees 1, :number-of-hashes 20, :total-distance 24287294, :genealogy-size 10000}
{:n-tried-edges 560000, :n-disjoint-trees 1, :number-of-hashes 20, :total-distance 24200003, :genealogy-size 10000}
{:n-tried-edges 570000, :n-disjoint-trees 1, :number-of-hashes 20, :total-distance 24126569, :genealogy-size 10000}
{:n-tried-edges 580000, :n-disjoint-trees 1, :number-of-hashes 20, :total-distance 24070031, :genealogy-size 10000}
{:n-tried-edges 590000, :n-disjoint-trees 1, :number-of-hashes 20, :total-distance 24005563, :genealogy-size 10000}
{:n-tried-edges 600000, :n-disjoint-trees 1, :number-of-hashes 20, :total-distance 23951756, :genealogy-size 10000}
{:n-tried-edges 610000, :n-disjoint-trees 1, :number-of-hashes 20, :total-distance 23872740, :genealogy-size 10000}
{:n-tried-edges 620000, :n-disjoint-trees 1, :number-of-hashes 20, :total-distance 23805407, :genealogy-size 10000}
{:n-tried-edges 630000, :n-disjoint-trees 1, :number-of-hashes 20, :total-distance 23754783, :genealogy-size 10000}
{:n-tried-edges 640000, :n-disjoint-trees 1, :number-of-hashes 20, :total-distance 23675423, :genealogy-size 10000}
{:n-tried-edges 650000, :n-disjoint-trees 1, :number-of-hashes 20, :total-distance 23629386, :genealogy-size 10000}
{:n-tried-edges 660000, :n-disjoint-trees 1, :number-of-hashes 20, :total-distance 23586055, :genealogy-size 10000}
{:n-tried-edges 670000, :n-disjoint-trees 1, :number-of-hashes 20, :total-distance 23516216, :genealogy-size 10000}
{:n-tried-edges 680000, :n-disjoint-trees 1, :number-of-hashes 20, :total-distance 23467965, :genealogy-size 10000}
{:n-tried-edges 690000, :n-disjoint-trees 1, :number-of-hashes 20, :total-distance 23396778, :genealogy-size 10000}
{:n-tried-edges 700000, :n-disjoint-trees 1, :number-of-hashes 20, :total-distance 23344656, :genealogy-size 10000}
{:n-tried-edges 710000, :n-disjoint-trees 1, :number-of-hashes 20, :total-distance 23288501, :genealogy-size 10000}
{:n-tried-edges 720000, :n-disjoint-trees 1, :number-of-hashes 20, :total-distance 23228670, :genealogy-size 10000}
{:n-tried-edges 730000, :n-disjoint-trees 1, :number-of-hashes 20, :total-distance 23188838, :genealogy-size 10000}
{:n-tried-edges 740000, :n-disjoint-trees 1, :number-of-hashes 20, :total-distance 23140770, :genealogy-size 10000}
{:n-tried-edges 750000, :n-disjoint-trees 1, :number-of-hashes 20, :total-distance 23086518, :genealogy-size 10000}
{:n-tried-edges 760000, :n-disjoint-trees 1, :number-of-hashes 20, :total-distance 23010447, :genealogy-size 10000}
{:n-tried-edges 770000, :n-disjoint-trees 1, :number-of-hashes 20, :total-distance 22964213, :genealogy-size 10000}
{:n-tried-edges 780000, :n-disjoint-trees 1, :number-of-hashes 20, :total-distance 22902302, :genealogy-size 10000}
{:n-tried-edges 790000, :n-disjoint-trees 1, :number-of-hashes 20, :total-distance 22849749, :genealogy-size 10000}
{:n-tried-edges 800000, :n-disjoint-trees 1, :number-of-hashes 20, :total-distance 22804414, :genealogy-size 10000}
{:n-tried-edges 810000, :n-disjoint-trees 1, :number-of-hashes 20, :total-distance 22739541, :genealogy-size 10000}
{:n-tried-edges 820000, :n-disjoint-trees 1, :number-of-hashes 20, :total-distance 22695031, :genealogy-size 10000}
{:n-tried-edges 830000, :n-disjoint-trees 1, :number-of-hashes 20, :total-distance 22648507, :genealogy-size 10000}
{:n-tried-edges 840000, :n-disjoint-trees 1, :number-of-hashes 20, :total-distance 22596544, :genealogy-size 10000}
{:n-tried-edges 850000, :n-disjoint-trees 1, :number-of-hashes 20, :total-distance 22551498, :genealogy-size 10000}
{:n-tried-edges 860000, :n-disjoint-trees 1, :number-of-hashes 20, :total-distance 22510234, :genealogy-size 10000}
{:n-tried-edges 870000, :n-disjoint-trees 1, :number-of-hashes 20, :total-distance 22453738, :genealogy-size 10000}
{:n-tried-edges 880000, :n-disjoint-trees 1, :number-of-hashes 20, :total-distance 22409158, :genealogy-size 10000}
{:n-tried-edges 890000, :n-disjoint-trees 1, :number-of-hashes 20, :total-distance 22358671, :genealogy-size 10000}
{:n-tried-edges 900000, :n-disjoint-trees 1, :number-of-hashes 20, :total-distance 22297520, :genealogy-size 10000}
{:n-tried-edges 910000, :n-disjoint-trees 1, :number-of-hashes 20, :total-distance 22253745, :genealogy-size 10000}
{:n-tried-edges 920000, :n-disjoint-trees 1, :number-of-hashes 20, :total-distance 22213597, :genealogy-size 10000}
{:n-tried-edges 930000, :n-disjoint-trees 1, :number-of-hashes 20, :total-distance 22161876, :genealogy-size 10000}
{:n-tried-edges 940000, :n-disjoint-trees 1, :number-of-hashes 20, :total-distance 22087611, :genealogy-size 10000}
{:n-tried-edges 950000, :n-disjoint-trees 1, :number-of-hashes 20, :total-distance 22043170, :genealogy-size 10000}
{:n-tried-edges 960000, :n-disjoint-trees 1, :number-of-hashes 20, :total-distance 21986776, :genealogy-size 10000}
{:n-tried-edges 970000, :n-disjoint-trees 1, :number-of-hashes 20, :total-distance 21937298, :genealogy-size 10000}
{:n-tried-edges 980000, :n-disjoint-trees 1, :number-of-hashes 20, :total-distance 21910433, :genealogy-size 10000}
{:n-tried-edges 990000, :n-disjoint-trees 1, :number-of-hashes 20, :total-distance 21880057, :genealogy-size 10000}
{:n-tried-edges 1000000, :n-disjoint-trees 1, :number-of-hashes 20, :total-distance 21830717, :genealogy-size 10000}
{:n-tried-edges 1010000, :n-disjoint-trees 1, :number-of-hashes 25, :total-distance 21604025, :genealogy-size 10000}
{:n-tried-edges 1020000, :n-disjoint-trees 1, :number-of-hashes 25, :total-distance 21560394, :genealogy-size 10000}
{:n-tried-edges 1030000, :n-disjoint-trees 1, :number-of-hashes 25, :total-distance 21530095, :genealogy-size 10000}
{:n-tried-edges 1040000, :n-disjoint-trees 1, :number-of-hashes 25, :total-distance 21502416, :genealogy-size 10000}
{:n-tried-edges 1050000, :n-disjoint-trees 1, :number-of-hashes 25, :total-distance 21467234, :genealogy-size 10000}
{:n-tried-edges 1060000, :n-disjoint-trees 1, :number-of-hashes 25, :total-distance 21441241, :genealogy-size 10000}
{:n-tried-edges 1070000, :n-disjoint-trees 1, :number-of-hashes 25, :total-distance 21417215, :genealogy-size 10000}
{:n-tried-edges 1080000, :n-disjoint-trees 1, :number-of-hashes 25, :total-distance 21395178, :genealogy-size 10000}
{:n-tried-edges 1090000, :n-disjoint-trees 1, :number-of-hashes 25, :total-distance 21365557, :genealogy-size 10000}
{:n-tried-edges 1100000, :n-disjoint-trees 1, :number-of-hashes 25, :total-distance 21336502, :genealogy-size 10000}
{:n-tried-edges 1110000, :n-disjoint-trees 1, :number-of-hashes 25, :total-distance 21309198, :genealogy-size 10000}
{:n-tried-edges 1120000, :n-disjoint-trees 1, :number-of-hashes 25, :total-distance 21285512, :genealogy-size 10000}
{:n-tried-edges 1130000, :n-disjoint-trees 1, :number-of-hashes 25, :total-distance 21262334, :genealogy-size 10000}
{:n-tried-edges 1140000, :n-disjoint-trees 1, :number-of-hashes 25, :total-distance 21226918, :genealogy-size 10000}
{:n-tried-edges 1150000, :n-disjoint-trees 1, :number-of-hashes 25, :total-distance 21204453, :genealogy-size 10000}
{:n-tried-edges 1160000, :n-disjoint-trees 1, :number-of-hashes 25, :total-distance 21172055, :genealogy-size 10000}
{:n-tried-edges 1170000, :n-disjoint-trees 1, :number-of-hashes 25, :total-distance 21150865, :genealogy-size 10000}
{:n-tried-edges 1180000, :n-disjoint-trees 1, :number-of-hashes 25, :total-distance 21130875, :genealogy-size 10000}
{:n-tried-edges 1190000, :n-disjoint-trees 1, :number-of-hashes 25, :total-distance 21106620, :genealogy-size 10000}
{:n-tried-edges 1200000, :n-disjoint-trees 1, :number-of-hashes 25, :total-distance 21082462, :genealogy-size 10000}
{:n-tried-edges 1210000, :n-disjoint-trees 1, :number-of-hashes 25, :total-distance 21067328, :genealogy-size 10000}
{:n-tried-edges 1220000, :n-disjoint-trees 1, :number-of-hashes 25, :total-distance 21035433, :genealogy-size 10000}
{:n-tried-edges 1230000, :n-disjoint-trees 1, :number-of-hashes 25, :total-distance 21016003, :genealogy-size 10000}
{:n-tried-edges 1240000, :n-disjoint-trees 1, :number-of-hashes 25, :total-distance 20998218, :genealogy-size 10000}
{:n-tried-edges 1250000, :n-disjoint-trees 1, :number-of-hashes 25, :total-distance 20976908, :genealogy-size 10000}
{:n-tried-edges 1260000, :n-disjoint-trees 1, :number-of-hashes 30, :total-distance 20851766, :genealogy-size 10000}
{:n-tried-edges 1270000, :n-disjoint-trees 1, :number-of-hashes 30, :total-distance 20836630, :genealogy-size 10000}
{:n-tried-edges 1280000, :n-disjoint-trees 1, :number-of-hashes 30, :total-distance 20818607, :genealogy-size 10000}
{:n-tried-edges 1290000, :n-disjoint-trees 1, :number-of-hashes 30, :total-distance 20802252, :genealogy-size 10000}
{:n-tried-edges 1300000, :n-disjoint-trees 1, :number-of-hashes 30, :total-distance 20786538, :genealogy-size 10000}
{:n-tried-edges 1310000, :n-disjoint-trees 1, :number-of-hashes 30, :total-distance 20766578, :genealogy-size 10000}
{:n-tried-edges 1320000, :n-disjoint-trees 1, :number-of-hashes 30, :total-distance 20760737, :genealogy-size 10000}
{:n-tried-edges 1330000, :n-disjoint-trees 1, :number-of-hashes 30, :total-distance 20746593, :genealogy-size 10000}
{:n-tried-edges 1340000, :n-disjoint-trees 1, :number-of-hashes 30, :total-distance 20736605, :genealogy-size 10000}
{:n-tried-edges 1350000, :n-disjoint-trees 1, :number-of-hashes 30, :total-distance 20718816, :genealogy-size 10000}
{:n-tried-edges 1360000, :n-disjoint-trees 1, :number-of-hashes 30, :total-distance 20698162, :genealogy-size 10000}
{:n-tried-edges 1370000, :n-disjoint-trees 1, :number-of-hashes 30, :total-distance 20676735, :genealogy-size 10000}
{:n-tried-edges 1380000, :n-disjoint-trees 1, :number-of-hashes 30, :total-distance 20656394, :genealogy-size 10000}
{:n-tried-edges 1390000, :n-disjoint-trees 1, :number-of-hashes 30, :total-distance 20638892, :genealogy-size 10000}
{:n-tried-edges 1400000, :n-disjoint-trees 1, :number-of-hashes 30, :total-distance 20625535, :genealogy-size 10000}
{:n-tried-edges 1410000, :n-disjoint-trees 1, :number-of-hashes 30, :total-distance 20601553, :genealogy-size 10000}
{:n-tried-edges 1420000, :n-disjoint-trees 1, :number-of-hashes 30, :total-distance 20587158, :genealogy-size 10000}
{:n-tried-edges 1430000, :n-disjoint-trees 1, :number-of-hashes 30, :total-distance 20569045, :genealogy-size 10000}
{:n-tried-edges 1440000, :n-disjoint-trees 1, :number-of-hashes 30, :total-distance 20552992, :genealogy-size 10000}
{:n-tried-edges 1450000, :n-disjoint-trees 1, :number-of-hashes 30, :total-distance 20537671, :genealogy-size 10000}
{:n-tried-edges 1460000, :n-disjoint-trees 1, :number-of-hashes 30, :total-distance 20523572, :genealogy-size 10000}
{:n-tried-edges 1470000, :n-disjoint-trees 1, :number-of-hashes 30, :total-distance 20515455, :genealogy-size 10000}
{:n-tried-edges 1480000, :n-disjoint-trees 1, :number-of-hashes 30, :total-distance 20506688, :genealogy-size 10000}
{:n-tried-edges 1490000, :n-disjoint-trees 1, :number-of-hashes 30, :total-distance 20494290, :genealogy-size 10000}
{:n-tried-edges 1500000, :n-disjoint-trees 1, :number-of-hashes 35, :total-distance 20443276, :genealogy-size 10000}
{:n-tried-edges 1510000, :n-disjoint-trees 1, :number-of-hashes 35, :total-distance 20436916, :genealogy-size 10000}
{:n-tried-edges 1520000, :n-disjoint-trees 1, :number-of-hashes 35, :total-distance 20422667, :genealogy-size 10000}
{:n-tried-edges 1530000, :n-disjoint-trees 1, :number-of-hashes 35, :total-distance 20416774, :genealogy-size 10000}
{:n-tried-edges 1540000, :n-disjoint-trees 1, :number-of-hashes 35, :total-distance 20409786, :genealogy-size 10000}
{:n-tried-edges 1550000, :n-disjoint-trees 1, :number-of-hashes 35, :total-distance 20398685, :genealogy-size 10000}
{:n-tried-edges 1560000, :n-disjoint-trees 1, :number-of-hashes 35, :total-distance 20397896, :genealogy-size 10000}
{:n-tried-edges 1570000, :n-disjoint-trees 1, :number-of-hashes 35, :total-distance 20389103, :genealogy-size 10000}
{:n-tried-edges 1580000, :n-disjoint-trees 1, :number-of-hashes 35, :total-distance 20380881, :genealogy-size 10000}
{:n-tried-edges 1590000, :n-disjoint-trees 1, :number-of-hashes 35, :total-distance 20376955, :genealogy-size 10000}
{:n-tried-edges 1600000, :n-disjoint-trees 1, :number-of-hashes 35, :total-distance 20374186, :genealogy-size 10000}
{:n-tried-edges 1610000, :n-disjoint-trees 1, :number-of-hashes 35, :total-distance 20359074, :genealogy-size 10000}
{:n-tried-edges 1620000, :n-disjoint-trees 1, :number-of-hashes 35, :total-distance 20352731, :genealogy-size 10000}
{:n-tried-edges 1630000, :n-disjoint-trees 1, :number-of-hashes 35, :total-distance 20341223, :genealogy-size 10000}
{:n-tried-edges 1640000, :n-disjoint-trees 1, :number-of-hashes 35, :total-distance 20333994, :genealogy-size 10000}
{:n-tried-edges 1650000, :n-disjoint-trees 1, :number-of-hashes 35, :total-distance 20323867, :genealogy-size 10000}
{:n-tried-edges 1660000, :n-disjoint-trees 1, :number-of-hashes 35, :total-distance 20317582, :genealogy-size 10000}
{:n-tried-edges 1670000, :n-disjoint-trees 1, :number-of-hashes 35, :total-distance 20313433, :genealogy-size 10000}
{:n-tried-edges 1680000, :n-disjoint-trees 1, :number-of-hashes 35, :total-distance 20308593, :genealogy-size 10000}
{:n-tried-edges 1690000, :n-disjoint-trees 1, :number-of-hashes 35, :total-distance 20302298, :genealogy-size 10000}
{:n-tried-edges 1700000, :n-disjoint-trees 1, :number-of-hashes 35, :total-distance 20293565, :genealogy-size 10000}
{:n-tried-edges 1710000, :n-disjoint-trees 1, :number-of-hashes 35, :total-distance 20288152, :genealogy-size 10000}
{:n-tried-edges 1720000, :n-disjoint-trees 1, :number-of-hashes 35, :total-distance 20285631, :genealogy-size 10000}
{:n-tried-edges 1730000, :n-disjoint-trees 1, :number-of-hashes 35, :total-distance 20276224, :genealogy-size 10000}
{:n-tried-edges 1740000, :n-disjoint-trees 1, :number-of-hashes 35, :total-distance 20272503, :genealogy-size 10000}
{:n-tried-edges 1750000, :n-disjoint-trees 1, :number-of-hashes 40, :total-distance 20240878, :genealogy-size 10000}
{:n-tried-edges 1760000, :n-disjoint-trees 1, :number-of-hashes 40, :total-distance 20236542, :genealogy-size 10000}
{:n-tried-edges 1770000, :n-disjoint-trees 1, :number-of-hashes 40, :total-distance 20234031, :genealogy-size 10000}
{:n-tried-edges 1780000, :n-disjoint-trees 1, :number-of-hashes 40, :total-distance 20231684, :genealogy-size 10000}
{:n-tried-edges 1790000, :n-disjoint-trees 1, :number-of-hashes 40, :total-distance 20230547, :genealogy-size 10000}
{:n-tried-edges 1800000, :n-disjoint-trees 1, :number-of-hashes 40, :total-distance 20226825, :genealogy-size 10000}
{:n-tried-edges 1810000, :n-disjoint-trees 1, :number-of-hashes 40, :total-distance 20222464, :genealogy-size 10000}
{:n-tried-edges 1820000, :n-disjoint-trees 1, :number-of-hashes 40, :total-distance 20219708, :genealogy-size 10000}
{:n-tried-edges 1830000, :n-disjoint-trees 1, :number-of-hashes 40, :total-distance 20218578, :genealogy-size 10000}
{:n-tried-edges 1840000, :n-disjoint-trees 1, :number-of-hashes 40, :total-distance 20213753, :genealogy-size 10000}
{:n-tried-edges 1850000, :n-disjoint-trees 1, :number-of-hashes 40, :total-distance 20210080, :genealogy-size 10000}
{:n-tried-edges 1860000, :n-disjoint-trees 1, :number-of-hashes 40, :total-distance 20207078, :genealogy-size 10000}
{:n-tried-edges 1870000, :n-disjoint-trees 1, :number-of-hashes 40, :total-distance 20204717, :genealogy-size 10000}
{:n-tried-edges 1880000, :n-disjoint-trees 1, :number-of-hashes 40, :total-distance 20200996, :genealogy-size 10000}
{:n-tried-edges 1890000, :n-disjoint-trees 1, :number-of-hashes 40, :total-distance 20196756, :genealogy-size 10000}
{:n-tried-edges 1900000, :n-disjoint-trees 1, :number-of-hashes 40, :total-distance 20191362, :genealogy-size 10000}
{:n-tried-edges 1910000, :n-disjoint-trees 1, :number-of-hashes 40, :total-distance 20190137, :genealogy-size 10000}
{:n-tried-edges 1920000, :n-disjoint-trees 1, :number-of-hashes 40, :total-distance 20190137, :genealogy-size 10000}
{:n-tried-edges 1930000, :n-disjoint-trees 1, :number-of-hashes 40, :total-distance 20185871, :genealogy-size 10000}
{:n-tried-edges 1940000, :n-disjoint-trees 1, :number-of-hashes 40, :total-distance 20180739, :genealogy-size 10000}
{:n-tried-edges 1950000, :n-disjoint-trees 1, :number-of-hashes 40, :total-distance 20177676, :genealogy-size 10000}
{:n-tried-edges 1960000, :n-disjoint-trees 1, :number-of-hashes 40, :total-distance 20175338, :genealogy-size 10000}
{:n-tried-edges 1970000, :n-disjoint-trees 1, :number-of-hashes 40, :total-distance 20174196, :genealogy-size 10000}
{:n-tried-edges 1980000, :n-disjoint-trees 1, :number-of-hashes 40, :total-distance 20171974, :genealogy-size 10000}
{:n-tried-edges 1990000, :n-disjoint-trees 1, :number-of-hashes 45, :total-distance 20152698, :genealogy-size 10000}
{:n-tried-edges 2000000, :n-disjoint-trees 1, :number-of-hashes 45, :total-distance 20145746, :genealogy-size 10000}
{:n-tried-edges 2010000, :n-disjoint-trees 1, :number-of-hashes 45, :total-distance 20145743, :genealogy-size 10000}
{:n-tried-edges 2020000, :n-disjoint-trees 1, :number-of-hashes 45, :total-distance 20140260, :genealogy-size 10000}
{:n-tried-edges 2030000, :n-disjoint-trees 1, :number-of-hashes 45, :total-distance 20138346, :genealogy-size 10000}
{:n-tried-edges 2040000, :n-disjoint-trees 1, :number-of-hashes 45, :total-distance 20136406, :genealogy-size 10000}
{:n-tried-edges 2050000, :n-disjoint-trees 1, :number-of-hashes 45, :total-distance 20132944, :genealogy-size 10000}
{:n-tried-edges 2060000, :n-disjoint-trees 1, :number-of-hashes 45, :total-distance 20132944, :genealogy-size 10000}
{:n-tried-edges 2070000, :n-disjoint-trees 1, :number-of-hashes 45, :total-distance 20130565, :genealogy-size 10000}
{:n-tried-edges 2080000, :n-disjoint-trees 1, :number-of-hashes 45, :total-distance 20124770, :genealogy-size 10000}
{:n-tried-edges 2090000, :n-disjoint-trees 1, :number-of-hashes 45, :total-distance 20122767, :genealogy-size 10000}
{:n-tried-edges 2100000, :n-disjoint-trees 1, :number-of-hashes 45, :total-distance 20120450, :genealogy-size 10000}
{:n-tried-edges 2110000, :n-disjoint-trees 1, :number-of-hashes 45, :total-distance 20118375, :genealogy-size 10000}
{:n-tried-edges 2120000, :n-disjoint-trees 1, :number-of-hashes 45, :total-distance 20114916, :genealogy-size 10000}
{:n-tried-edges 2130000, :n-disjoint-trees 1, :number-of-hashes 45, :total-distance 20106900, :genealogy-size 10000}
{:n-tried-edges 2140000, :n-disjoint-trees 1, :number-of-hashes 45, :total-distance 20103249, :genealogy-size 10000}
{:n-tried-edges 2150000, :n-disjoint-trees 1, :number-of-hashes 45, :total-distance 20101987, :genealogy-size 10000}
{:n-tried-edges 2160000, :n-disjoint-trees 1, :number-of-hashes 45, :total-distance 20098367, :genealogy-size 10000}
{:n-tried-edges 2170000, :n-disjoint-trees 1, :number-of-hashes 45, :total-distance 20097163, :genealogy-size 10000}
{:n-tried-edges 2180000, :n-disjoint-trees 1, :number-of-hashes 45, :total-distance 20094811, :genealogy-size 10000}
{:n-tried-edges 2190000, :n-disjoint-trees 1, :number-of-hashes 45, :total-distance 20093629, :genealogy-size 10000}
{:n-tried-edges 2200000, :n-disjoint-trees 1, :number-of-hashes 45, :total-distance 20093629, :genealogy-size 10000}
{:n-tried-edges 2210000, :n-disjoint-trees 1, :number-of-hashes 45, :total-distance 20086991, :genealogy-size 10000}
{:n-tried-edges 2220000, :n-disjoint-trees 1, :number-of-hashes 45, :total-distance 20084755, :genealogy-size 10000}
{:n-tried-edges 2230000, :n-disjoint-trees 1, :number-of-hashes 50, :total-distance 20073115, :genealogy-size 10000}
{:n-tried-edges 2240000, :n-disjoint-trees 1, :number-of-hashes 50, :total-distance 20073115, :genealogy-size 10000}
{:n-tried-edges 2250000, :n-disjoint-trees 1, :number-of-hashes 50, :total-distance 20069486, :genealogy-size 10000}
{:n-tried-edges 2260000, :n-disjoint-trees 1, :number-of-hashes 50, :total-distance 20066410, :genealogy-size 10000}
{:n-tried-edges 2270000, :n-disjoint-trees 1, :number-of-hashes 50, :total-distance 20065266, :genealogy-size 10000}
{:n-tried-edges 2280000, :n-disjoint-trees 1, :number-of-hashes 50, :total-distance 20064034, :genealogy-size 10000}
{:n-tried-edges 2290000, :n-disjoint-trees 1, :number-of-hashes 50, :total-distance 20064034, :genealogy-size 10000}
{:n-tried-edges 2300000, :n-disjoint-trees 1, :number-of-hashes 50, :total-distance 20061679, :genealogy-size 10000}
{:n-tried-edges 2310000, :n-disjoint-trees 1, :number-of-hashes 50, :total-distance 20061679, :genealogy-size 10000}
{:n-tried-edges 2320000, :n-disjoint-trees 1, :number-of-hashes 50, :total-distance 20058710, :genealogy-size 10000}
{:n-tried-edges 2330000, :n-disjoint-trees 1, :number-of-hashes 50, :total-distance 20058710, :genealogy-size 10000}
{:n-tried-edges 2340000, :n-disjoint-trees 1, :number-of-hashes 50, :total-distance 20058710, :genealogy-size 10000}
{:n-tried-edges 2350000, :n-disjoint-trees 1, :number-of-hashes 50, :total-distance 20058710, :genealogy-size 10000}
{:n-tried-edges 2360000, :n-disjoint-trees 1, :number-of-hashes 50, :total-distance 20057519, :genealogy-size 10000}
{:n-tried-edges 2370000, :n-disjoint-trees 1, :number-of-hashes 50, :total-distance 20057519, :genealogy-size 10000}
{:n-tried-edges 2380000, :n-disjoint-trees 1, :number-of-hashes 50, :total-distance 20055581, :genealogy-size 10000}
{:n-tried-edges 2390000, :n-disjoint-trees 1, :number-of-hashes 50, :total-distance 20055581, :genealogy-size 10000}
{:n-tried-edges 2400000, :n-disjoint-trees 1, :number-of-hashes 50, :total-distance 20054451, :genealogy-size 10000}
{:n-tried-edges 2410000, :n-disjoint-trees 1, :number-of-hashes 50, :total-distance 20049674, :genealogy-size 10000}
{:n-tried-edges 2420000, :n-disjoint-trees 1, :number-of-hashes 50, :total-distance 20049674, :genealogy-size 10000}
{:n-tried-edges 2430000, :n-disjoint-trees 1, :number-of-hashes 50, :total-distance 20048499, :genealogy-size 10000}
{:n-tried-edges 2440000, :n-disjoint-trees 1, :number-of-hashes 50, :total-distance 20047334, :genealogy-size 10000}
{:n-tried-edges 2450000, :n-disjoint-trees 1, :number-of-hashes 50, :total-distance 20045066, :genealogy-size 10000}
{:n-tried-edges 2460000, :n-disjoint-trees 1, :number-of-hashes 50, :total-distance 20043883, :genealogy-size 10000}
{:n-tried-edges 2470000, :n-disjoint-trees 1, :number-of-hashes 55, :total-distance 20040286, :genealogy-size 10000}
{:n-tried-edges 2480000, :n-disjoint-trees 1, :number-of-hashes 55, :total-distance 20040286, :genealogy-size 10000}
{:n-tried-edges 2490000, :n-disjoint-trees 1, :number-of-hashes 55, :total-distance 20039133, :genealogy-size 10000}
{:n-tried-edges 2500000, :n-disjoint-trees 1, :number-of-hashes 55, :total-distance 20039101, :genealogy-size 10000}
{:n-tried-edges 2510000, :n-disjoint-trees 1, :number-of-hashes 55, :total-distance 20039101, :genealogy-size 10000}
{:n-tried-edges 2520000, :n-disjoint-trees 1, :number-of-hashes 55, :total-distance 20035974, :genealogy-size 10000}
{:n-tried-edges 2530000, :n-disjoint-trees 1, :number-of-hashes 55, :total-distance 20035974, :genealogy-size 10000}
{:n-tried-edges 2540000, :n-disjoint-trees 1, :number-of-hashes 55, :total-distance 20034798, :genealogy-size 10000}
{:n-tried-edges 2550000, :n-disjoint-trees 1, :number-of-hashes 55, :total-distance 20034798, :genealogy-size 10000}
{:n-tried-edges 2560000, :n-disjoint-trees 1, :number-of-hashes 55, :total-distance 20033674, :genealogy-size 10000}
{:n-tried-edges 2570000, :n-disjoint-trees 1, :number-of-hashes 55, :total-distance 20031305, :genealogy-size 10000}
{:n-tried-edges 2580000, :n-disjoint-trees 1, :number-of-hashes 55, :total-distance 20031305, :genealogy-size 10000}
{:n-tried-edges 2590000, :n-disjoint-trees 1, :number-of-hashes 55, :total-distance 20030084, :genealogy-size 10000}
{:n-tried-edges 2600000, :n-disjoint-trees 1, :number-of-hashes 55, :total-distance 20030084, :genealogy-size 10000}
{:n-tried-edges 2610000, :n-disjoint-trees 1, :number-of-hashes 55, :total-distance 20027707, :genealogy-size 10000}
{:n-tried-edges 2620000, :n-disjoint-trees 1, :number-of-hashes 55, :total-distance 20027707, :genealogy-size 10000}
{:n-tried-edges 2630000, :n-disjoint-trees 1, :number-of-hashes 55, :total-distance 20026511, :genealogy-size 10000}
{:n-tried-edges 2640000, :n-disjoint-trees 1, :number-of-hashes 55, :total-distance 20026511, :genealogy-size 10000}
{:n-tried-edges 2650000, :n-disjoint-trees 1, :number-of-hashes 55, :total-distance 20025366, :genealogy-size 10000}
{:n-tried-edges 2660000, :n-disjoint-trees 1, :number-of-hashes 55, :total-distance 20024115, :genealogy-size 10000}
{:n-tried-edges 2670000, :n-disjoint-trees 1, :number-of-hashes 55, :total-distance 20020595, :genealogy-size 10000}
{:n-tried-edges 2680000, :n-disjoint-trees 1, :number-of-hashes 55, :total-distance 20020595, :genealogy-size 10000}
{:n-tried-edges 2690000, :n-disjoint-trees 1, :number-of-hashes 55, :total-distance 20020595, :genealogy-size 10000}
{:n-tried-edges 2700000, :n-disjoint-trees 1, :number-of-hashes 55, :total-distance 20020595, :genealogy-size 10000}
{:n-tried-edges 2710000, :n-disjoint-trees 1, :number-of-hashes 60, :total-distance 20015249, :genealogy-size 10000}
{:n-tried-edges 2720000, :n-disjoint-trees 1, :number-of-hashes 60, :total-distance 20014135, :genealogy-size 10000}
{:n-tried-edges 2730000, :n-disjoint-trees 1, :number-of-hashes 60, :total-distance 20014135, :genealogy-size 10000}
{:n-tried-edges 2740000, :n-disjoint-trees 1, :number-of-hashes 60, :total-distance 20014135, :genealogy-size 10000}
{:n-tried-edges 2750000, :n-disjoint-trees 1, :number-of-hashes 60, :total-distance 20014135, :genealogy-size 10000}
{:n-tried-edges 2760000, :n-disjoint-trees 1, :number-of-hashes 60, :total-distance 20014135, :genealogy-size 10000}
{:n-tried-edges 2770000, :n-disjoint-trees 1, :number-of-hashes 60, :total-distance 20012984, :genealogy-size 10000}
{:n-tried-edges 2780000, :n-disjoint-trees 1, :number-of-hashes 60, :total-distance 20012984, :genealogy-size 10000}
{:n-tried-edges 2790000, :n-disjoint-trees 1, :number-of-hashes 60, :total-distance 20012984, :genealogy-size 10000}
{:n-tried-edges 2800000, :n-disjoint-trees 1, :number-of-hashes 60, :total-distance 20011862, :genealogy-size 10000}
{:n-tried-edges 2810000, :n-disjoint-trees 1, :number-of-hashes 60, :total-distance 20011862, :genealogy-size 10000}
{:n-tried-edges 2820000, :n-disjoint-trees 1, :number-of-hashes 60, :total-distance 20011862, :genealogy-size 10000}
{:n-tried-edges 2830000, :n-disjoint-trees 1, :number-of-hashes 60, :total-distance 20010775, :genealogy-size 10000}
{:n-tried-edges 2840000, :n-disjoint-trees 1, :number-of-hashes 60, :total-distance 20009597, :genealogy-size 10000}
{:n-tried-edges 2850000, :n-disjoint-trees 1, :number-of-hashes 60, :total-distance 20008420, :genealogy-size 10000}
{:n-tried-edges 2860000, :n-disjoint-trees 1, :number-of-hashes 60, :total-distance 20008420, :genealogy-size 10000}
{:n-tried-edges 2870000, :n-disjoint-trees 1, :number-of-hashes 60, :total-distance 20008420, :genealogy-size 10000}
{:n-tried-edges 2880000, :n-disjoint-trees 1, :number-of-hashes 60, :total-distance 20008420, :genealogy-size 10000}
{:n-tried-edges 2890000, :n-disjoint-trees 1, :number-of-hashes 60, :total-distance 20008420, :genealogy-size 10000}
{:n-tried-edges 2900000, :n-disjoint-trees 1, :number-of-hashes 60, :total-distance 20008420, :genealogy-size 10000}
{:n-tried-edges 2910000, :n-disjoint-trees 1, :number-of-hashes 60, :total-distance 20006564, :genealogy-size 10000}
{:n-tried-edges 2920000, :n-disjoint-trees 1, :number-of-hashes 60, :total-distance 20006564, :genealogy-size 10000}
{:n-tried-edges 2930000, :n-disjoint-trees 1, :number-of-hashes 60, :total-distance 20005357, :genealogy-size 10000}
{:n-tried-edges 2940000, :n-disjoint-trees 1, :number-of-hashes 60, :total-distance 20005357, :genealogy-size 10000}
{:n-tried-edges 2950000, :n-disjoint-trees 1, :number-of-hashes 65, :total-distance 20005357, :genealogy-size 10000}
{:n-tried-edges 2960000, :n-disjoint-trees 1, :number-of-hashes 65, :total-distance 20005357, :genealogy-size 10000}
{:n-tried-edges 2970000, :n-disjoint-trees 1, :number-of-hashes 65, :total-distance 20005357, :genealogy-size 10000}
{:n-tried-edges 2980000, :n-disjoint-trees 1, :number-of-hashes 65, :total-distance 20005357, :genealogy-size 10000}
{:n-tried-edges 2990000, :n-disjoint-trees 1, :number-of-hashes 65, :total-distance 20005357, :genealogy-size 10000}
{:n-tried-edges 3000000, :n-disjoint-trees 1, :number-of-hashes 65, :total-distance 20005357, :genealogy-size 10000}
{:n-tried-edges 3010000, :n-disjoint-trees 1, :number-of-hashes 65, :total-distance 20005357, :genealogy-size 10000}
{:n-tried-edges 3020000, :n-disjoint-trees 1, :number-of-hashes 65, :total-distance 20005357, :genealogy-size 10000}
{:n-tried-edges 3030000, :n-disjoint-trees 1, :number-of-hashes 65, :total-distance 20005357, :genealogy-size 10000}
{:n-tried-edges 3040000, :n-disjoint-trees 1, :number-of-hashes 65, :total-distance 20005357, :genealogy-size 10000}
{:n-tried-edges 3050000, :n-disjoint-trees 1, :number-of-hashes 65, :total-distance 20005357, :genealogy-size 10000}
{:n-tried-edges 3060000, :n-disjoint-trees 1, :number-of-hashes 65, :total-distance 20005357, :genealogy-size 10000}
{:n-tried-edges 3070000, :n-disjoint-trees 1, :number-of-hashes 65, :total-distance 20005357, :genealogy-size 10000}
{:n-tried-edges 3080000, :n-disjoint-trees 1, :number-of-hashes 65, :total-distance 20005357, :genealogy-size 10000}
{:n-tried-edges 3090000, :n-disjoint-trees 1, :number-of-hashes 65, :total-distance 20005357, :genealogy-size 10000}
{:n-tried-edges 3100000, :n-disjoint-trees 1, :number-of-hashes 65, :total-distance 20004173, :genealogy-size 10000}
{:n-tried-edges 3110000, :n-disjoint-trees 1, :number-of-hashes 65, :total-distance 20004173, :genealogy-size 10000}
{:n-tried-edges 3120000, :n-disjoint-trees 1, :number-of-hashes 65, :total-distance 20004173, :genealogy-size 10000}
{:n-tried-edges 3130000, :n-disjoint-trees 1, :number-of-hashes 65, :total-distance 20004173, :genealogy-size 10000}
{:n-tried-edges 3140000, :n-disjoint-trees 1, :number-of-hashes 65, :total-distance 20004173, :genealogy-size 10000}
{:n-tried-edges 3150000, :n-disjoint-trees 1, :number-of-hashes 65, :total-distance 20004173, :genealogy-size 10000}
{:n-tried-edges 3160000, :n-disjoint-trees 1, :number-of-hashes 65, :total-distance 20004173, :genealogy-size 10000}
{:n-tried-edges 3170000, :n-disjoint-trees 1, :number-of-hashes 65, :total-distance 20004173, :genealogy-size 10000}
{:n-tried-edges 3180000, :n-disjoint-trees 1, :number-of-hashes 70, :total-distance 20003049, :genealogy-size 10000}
{:n-tried-edges 3190000, :n-disjoint-trees 1, :number-of-hashes 70, :total-distance 20000562, :genealogy-size 10000}
{:n-tried-edges 3200000, :n-disjoint-trees 1, :number-of-hashes 70, :total-distance 20000562, :genealogy-size 10000}
{:n-tried-edges 3210000, :n-disjoint-trees 1, :number-of-hashes 70, :total-distance 20000562, :genealogy-size 10000}
{:n-tried-edges 3220000, :n-disjoint-trees 1, :number-of-hashes 70, :total-distance 20000562, :genealogy-size 10000}
{:n-tried-edges 3230000, :n-disjoint-trees 1, :number-of-hashes 70, :total-distance 20000562, :genealogy-size 10000}
{:n-tried-edges 3240000, :n-disjoint-trees 1, :number-of-hashes 70, :total-distance 20000562, :genealogy-size 10000}
{:n-tried-edges 3250000, :n-disjoint-trees 1, :number-of-hashes 70, :total-distance 20000562, :genealogy-size 10000}
{:n-tried-edges 3260000, :n-disjoint-trees 1, :number-of-hashes 70, :total-distance 20000562, :genealogy-size 10000}
{:n-tried-edges 3270000, :n-disjoint-trees 1, :number-of-hashes 70, :total-distance 20000562, :genealogy-size 10000}
{:n-tried-edges 3280000, :n-disjoint-trees 1, :number-of-hashes 70, :total-distance 20000562, :genealogy-size 10000}
{:n-tried-edges 3290000, :n-disjoint-trees 1, :number-of-hashes 70, :total-distance 20000562, :genealogy-size 10000}
{:n-tried-edges 3300000, :n-disjoint-trees 1, :number-of-hashes 70, :total-distance 20000562, :genealogy-size 10000}
{:n-tried-edges 3310000, :n-disjoint-trees 1, :number-of-hashes 70, :total-distance 20000562, :genealogy-size 10000}
{:n-tried-edges 3320000, :n-disjoint-trees 1, :number-of-hashes 70, :total-distance 20000562, :genealogy-size 10000}
{:n-tried-edges 3330000, :n-disjoint-trees 1, :number-of-hashes 70, :total-distance 20000562, :genealogy-size 10000}
{:n-tried-edges 3340000, :n-disjoint-trees 1, :number-of-hashes 70, :total-distance 19998577, :genealogy-size 10000}
{:n-tried-edges 3350000, :n-disjoint-trees 1, :number-of-hashes 70, :total-distance 19998577, :genealogy-size 10000}
{:n-tried-edges 3360000, :n-disjoint-trees 1, :number-of-hashes 70, :total-distance 19997408, :genealogy-size 10000}
{:n-tried-edges 3370000, :n-disjoint-trees 1, :number-of-hashes 70, :total-distance 19997408, :genealogy-size 10000}
{:n-tried-edges 3380000, :n-disjoint-trees 1, :number-of-hashes 70, :total-distance 19997408, :genealogy-size 10000}
{:n-tried-edges 3390000, :n-disjoint-trees 1, :number-of-hashes 70, :total-distance 19997408, :genealogy-size 10000}
{:n-tried-edges 3400000, :n-disjoint-trees 1, :number-of-hashes 70, :total-distance 19997408, :genealogy-size 10000}
{:n-tried-edges 3410000, :n-disjoint-trees 1, :number-of-hashes 70, :total-distance 19997408, :genealogy-size 10000}
{:n-tried-edges 3420000, :n-disjoint-trees 1, :number-of-hashes 75, :total-distance 19997408, :genealogy-size 10000}
{:n-tried-edges 3430000, :n-disjoint-trees 1, :number-of-hashes 75, :total-distance 19997408, :genealogy-size 10000}
{:n-tried-edges 3440000, :n-disjoint-trees 1, :number-of-hashes 75, :total-distance 19997408, :genealogy-size 10000}
{:n-tried-edges 3450000, :n-disjoint-trees 1, :number-of-hashes 75, :total-distance 19997408, :genealogy-size 10000}
{:n-tried-edges 3460000, :n-disjoint-trees 1, :number-of-hashes 75, :total-distance 19997408, :genealogy-size 10000}
{:n-tried-edges 3470000, :n-disjoint-trees 1, :number-of-hashes 75, :total-distance 19997408, :genealogy-size 10000}
{:n-tried-edges 3480000, :n-disjoint-trees 1, :number-of-hashes 75, :total-distance 19997408, :genealogy-size 10000}
{:n-tried-edges 3490000, :n-disjoint-trees 1, :number-of-hashes 75, :total-distance 19997408, :genealogy-size 10000}
{:n-tried-edges 3500000, :n-disjoint-trees 1, :number-of-hashes 75, :total-distance 19997408, :genealogy-size 10000}
{:n-tried-edges 3510000, :n-disjoint-trees 1, :number-of-hashes 75, :total-distance 19997408, :genealogy-size 10000}
{:n-tried-edges 3520000, :n-disjoint-trees 1, :number-of-hashes 75, :total-distance 19997408, :genealogy-size 10000}
{:n-tried-edges 3530000, :n-disjoint-trees 1, :number-of-hashes 75, :total-distance 19997408, :genealogy-size 10000}
{:n-tried-edges 3540000, :n-disjoint-trees 1, :number-of-hashes 75, :total-distance 19997408, :genealogy-size 10000}
{:n-tried-edges 3550000, :n-disjoint-trees 1, :number-of-hashes 75, :total-distance 19997408, :genealogy-size 10000}
{:n-tried-edges 3560000, :n-disjoint-trees 1, :number-of-hashes 75, :total-distance 19997408, :genealogy-size 10000}
{:n-tried-edges 3570000, :n-disjoint-trees 1, :number-of-hashes 75, :total-distance 19997408, :genealogy-size 10000}
{:n-tried-edges 3580000, :n-disjoint-trees 1, :number-of-hashes 75, :total-distance 19997408, :genealogy-size 10000}
{:n-tried-edges 3590000, :n-disjoint-trees 1, :number-of-hashes 75, :total-distance 19997408, :genealogy-size 10000}
{:n-tried-edges 3600000, :n-disjoint-trees 1, :number-of-hashes 75, :total-distance 19997408, :genealogy-size 10000}
{:n-tried-edges 3610000, :n-disjoint-trees 1, :number-of-hashes 75, :total-distance 19997408, :genealogy-size 10000}
{:n-tried-edges 3620000, :n-disjoint-trees 1, :number-of-hashes 75, :total-distance 19997408, :genealogy-size 10000}
{:n-tried-edges 3630000, :n-disjoint-trees 1, :number-of-hashes 75, :total-distance 19997408, :genealogy-size 10000}
{:n-tried-edges 3640000, :n-disjoint-trees 1, :number-of-hashes 75, :total-distance 19997408, :genealogy-size 10000}
"Elapsed time: 3.5135770161553E7 msecs"
nil
bitvector.core> 
nil
bitvector.core> 
nil
bitvector.core> 
nil
bitvector.core> (/ 3.5135770161553E7 1000 60 60)
9.759936155986944
bitvector.core> 